Added Component: Designator=C1(1608[0603])
Added Component: Designator=C2(1608[0603])
Added Component: Designator=C3(C1206)
Added Component: Designator=C4(1608[0603])
Added Component: Designator=C5_U_Encoders_X(C1206)
Added Component: Designator=C5_U_Encoders_Y(C1206)
Added Component: Designator=C6_U_Encoders_X(C1206)
Added Component: Designator=C6_U_Encoders_Y(C1206)
Added Component: Designator=C7(1608[0603])
Added Component: Designator=C8(SMT Electrolytic)
Added Component: Designator=C9(SMT Electrolytic)
Added Component: Designator=C10(C0805)
Added Component: Designator=C11(1608[0603])
Added Component: Designator=C12(C1206)
Added Component: Designator=C13(C1206)
Added Component: Designator=C14(1608[0603])
Added Component: Designator=C15(6-0805_N)
Added Component: Designator=C16(6-0805_N)
Added Component: Designator=C17(1608[0603])
Added Component: Designator=C18(1608[0603])
Added Component: Designator=C19(1608[0603])
Added Component: Designator=C20(1608[0603])
Added Component: Designator=C21(1608[0603])
Added Component: Designator=C22(1608[0603])
Added Component: Designator=C23(1608[0603])
Added Component: Designator=C24(1608[0603])
Added Component: Designator=C25(1608[0603])
Added Component: Designator=C26(1608[0603])
Added Component: Designator=C27(1608[0603])
Added Component: Designator=C28(C1206)
Added Component: Designator=C29(C1206)
Added Component: Designator=C30(1608[0603])
Added Component: Designator=C31(1608[0603])
Added Component: Designator=C32(1608[0603])
Added Component: Designator=C33(1608[0603])
Added Component: Designator=C34(1608[0603])
Added Component: Designator=C35(1608[0603])
Added Component: Designator=C36(1608[0603])
Added Component: Designator=C37(1608[0603])
Added Component: Designator=C38(1608[0603])
Added Component: Designator=C39(1608[0603])
Added Component: Designator=C40(1608[0603])
Added Component: Designator=C41(1608[0603])
Added Component: Designator=C42(1608[0603])
Added Component: Designator=C43(1608[0603])
Added Component: Designator=C44(1608[0603])
Added Component: Designator=C45(1608[0603])
Added Component: Designator=C46(1608[0603])
Added Component: Designator=C47(1608[0603])
Added Component: Designator=C48(1608[0603])
Added Component: Designator=C49(1608[0603])
Added Component: Designator=C50(1608[0603])
Added Component: Designator=C51(1608[0603])
Added Component: Designator=C52(1608[0603])
Added Component: Designator=C53(1608[0603])
Added Component: Designator=D1(SOD123)
Added Component: Designator=D2(SOD123)
Added Component: Designator=D3(LED GRN/RED)
Added Component: Designator=J1(WQP-PJ301M-12_JACK)
Added Component: Designator=J2(WQP-PJ301M-12_JACK)
Added Component: Designator=J3(WQP-PJ301M-12_JACK)
Added Component: Designator=J4(WQP-PJ301M-12_JACK)
Added Component: Designator=L1(IND_7045)
Added Component: Designator=P1(HDR2X5)
Added Component: Designator=P2(MHDR1X8)
Added Component: Designator=P3(HDR2X10)
Added Component: Designator=P4(HDR1X3)
Added Component: Designator=R1(1608[0603])
Added Component: Designator=R2(J1-0603)
Added Component: Designator=R3(1608[0603])
Added Component: Designator=R4(1608[0603])
Added Component: Designator=R5(1608[0603])
Added Component: Designator=R6_U_Encoders_X(6-0805_N)
Added Component: Designator=R6_U_Encoders_Y(6-0805_N)
Added Component: Designator=R7_U_Encoders_X(6-0805_N)
Added Component: Designator=R7_U_Encoders_Y(6-0805_N)
Added Component: Designator=R8_U_Encoders_X(6-0805_N)
Added Component: Designator=R8_U_Encoders_Y(6-0805_N)
Added Component: Designator=R9_U_Encoders_X(6-0805_N)
Added Component: Designator=R9_U_Encoders_Y(6-0805_N)
Added Component: Designator=R10(6-0805_N)
Added Component: Designator=R11(1608[0603])
Added Component: Designator=R12(1608[0603])
Added Component: Designator=R13(1608[0603])
Added Component: Designator=R14(1608[0603])
Added Component: Designator=R15(1608[0603])
Added Component: Designator=R16(1608[0603])
Added Component: Designator=R17(1608[0603])
Added Component: Designator=R18(1608[0603])
Added Component: Designator=R19(1608[0603])
Added Component: Designator=R20(1608[0603])
Added Component: Designator=R21(1608[0603])
Added Component: Designator=R22(1608[0603])
Added Component: Designator=R23(1608[0603])
Added Component: Designator=R24(1608[0603])
Added Component: Designator=R25(1608[0603])
Added Component: Designator=R26(1608[0603])
Added Component: Designator=R27(6-0805_N)
Added Component: Designator=R28(C1206)
Added Component: Designator=R29(6-0805_N)
Added Component: Designator=R30(6-0805_N)
Added Component: Designator=R31(6-0805_N)
Added Component: Designator=R32(1608[0603])
Added Component: Designator=R33(1608[0603])
Added Component: Designator=R34(P0915N)
Added Component: Designator=R35(6-0805_N)
Added Component: Designator=R36(6-0805_N)
Added Component: Designator=R37(6-0805_N)
Added Component: Designator=R38(6-0805_N)
Added Component: Designator=R39(1608[0603])
Added Component: Designator=R40(1608[0603])
Added Component: Designator=R41(1608[0603])
Added Component: Designator=R42(P0915N)
Added Component: Designator=R43(6-0805_N)
Added Component: Designator=R44(6-0805_N)
Added Component: Designator=R45(6-0805_N)
Added Component: Designator=R46(6-0805_N)
Added Component: Designator=R47(1608[0603])
Added Component: Designator=S1(FSM101)
Added Component: Designator=S2(FSM101)
Added Component: Designator=TP1(Test Point Mt Hole)
Added Component: Designator=TP2(Test Point Mt Hole)
Added Component: Designator=TP3(Test Point Mt Hole)
Added Component: Designator=TP4(Test Point Mt Hole)
Added Component: Designator=TP5(Test Point Mt Hole)
Added Component: Designator=TP6(Test Point Mt Hole)
Added Component: Designator=TP7(Test Point Mt Hole)
Added Component: Designator=TP8(Test Point Mt Hole)
Added Component: Designator=TP9(Test Point Mt Hole)
Added Component: Designator=TP10(Test Point Mt Hole)
Added Component: Designator=TP11(Test Point Mt Hole)
Added Component: Designator=TP12(Test Point Mt Hole)
Added Component: Designator=TP13(Test Point Mt Hole)
Added Component: Designator=TP14(Test Point Mt Hole)
Added Component: Designator=TP15(Test Point Mt Hole)
Added Component: Designator=TP16(Test Point Mt Hole)
Added Component: Designator=TP17(Test Point Mt Hole)
Added Component: Designator=TP18(Test Point Mt Hole)
Added Component: Designator=TP19(Test Point Mt Hole)
Added Component: Designator=TP20(Test Point Mt Hole)
Added Component: Designator=TP21(Test Point Mt Hole)
Added Component: Designator=TP22(Test Point Mt Hole)
Added Component: Designator=TP23(Test Point Mt Hole)
Added Component: Designator=TP24(Test Point Mt Hole)
Added Component: Designator=TP25(Test Point Mt Hole)
Added Component: Designator=TP26(Test Point Mt Hole)
Added Component: Designator=TP27(Test Point Mt Hole)
Added Component: Designator=TP28(Test Point Mt Hole)
Added Component: Designator=TP29(Test Point Mt Hole)
Added Component: Designator=TP30(Test Point Mt Hole)
Added Component: Designator=U1(TI-D8_N)
Added Component: Designator=U2_U_Encoders_X(ENC5)
Added Component: Designator=U2_U_Encoders_Y(ENC5)
Added Component: Designator=U3(SOT-23-5)
Added Component: Designator=U4(DDA)
Added Component: Designator=U5(LQFP100_N)
Added Component: Designator=U6(DGK8)
Added Component: Designator=U7(TI-DGS10_N)
Added Component: Designator=U8(ASE-8.000MHZ-LC-T)
Added Component: Designator=U9(SOT-23-8)
Added Component: Designator=U10(SOT-23-8)
Added Component: Designator=U11(SOT-23-8)
Added Component: Designator=U12(PW16)
Added Pin To Net: NetName=NetC1_1 Pin=C1-1
Added Pin To Net: NetName=NetC1_2 Pin=C1-2
Added Pin To Net: NetName=NetC2_1 Pin=C2-1
Added Pin To Net: NetName=NetC2_2 Pin=C2-2
Added Pin To Net: NetName=NetC1_2 Pin=C3-1
Added Pin To Net: NetName=NetC3_2 Pin=C3-2
Added Pin To Net: NetName=GND Pin=C4-1
Added Pin To Net: NetName=NetC4_2 Pin=C4-2
Added Pin To Net: NetName=NetC5_U_Encoders_X_1 Pin=C5_U_Encoders_X-1
Added Pin To Net: NetName=GND Pin=C5_U_Encoders_X-2
Added Pin To Net: NetName=NetC5_U_Encoders_Y_1 Pin=C5_U_Encoders_Y-1
Added Pin To Net: NetName=GND Pin=C5_U_Encoders_Y-2
Added Pin To Net: NetName=GND Pin=C6_U_Encoders_X-1
Added Pin To Net: NetName=NetC6_U_Encoders_X_2 Pin=C6_U_Encoders_X-2
Added Pin To Net: NetName=GND Pin=C6_U_Encoders_Y-1
Added Pin To Net: NetName=NetC6_U_Encoders_Y_2 Pin=C6_U_Encoders_Y-2
Added Pin To Net: NetName=GND Pin=C7-1
Added Pin To Net: NetName=+2.5VREF Pin=C7-2
Added Pin To Net: NetName=VCC Pin=C8-1
Added Pin To Net: NetName=GND Pin=C8-2
Added Pin To Net: NetName=GND Pin=C9-1
Added Pin To Net: NetName=VEE Pin=C9-2
Added Pin To Net: NetName=GND Pin=C10-1
Added Pin To Net: NetName=OLED_VIN Pin=C10-2
Added Pin To Net: NetName=NetC11_1 Pin=C11-1
Added Pin To Net: NetName=NetC11_2 Pin=C11-2
Added Pin To Net: NetName=VCC Pin=C12-1
Added Pin To Net: NetName=GND Pin=C12-2
Added Pin To Net: NetName=VCC Pin=C13-1
Added Pin To Net: NetName=GND Pin=C13-2
Added Pin To Net: NetName=OLED_VIN Pin=C14-1
Added Pin To Net: NetName=NetC14_2 Pin=C14-2
Added Pin To Net: NetName=OLED_VIN Pin=C15-1
Added Pin To Net: NetName=GND Pin=C15-2
Added Pin To Net: NetName=OLED_VIN Pin=C16-1
Added Pin To Net: NetName=GND Pin=C16-2
Added Pin To Net: NetName=GND Pin=C17-1
Added Pin To Net: NetName=NetC17_2 Pin=C17-2
Added Pin To Net: NetName=GND Pin=C18-1
Added Pin To Net: NetName=NetC18_2 Pin=C18-2
Added Pin To Net: NetName=NetC19_1 Pin=C19-1
Added Pin To Net: NetName=GND Pin=C19-2
Added Pin To Net: NetName=NetC20_1 Pin=C20-1
Added Pin To Net: NetName=GND Pin=C20-2
Added Pin To Net: NetName=NetC21_1 Pin=C21-1
Added Pin To Net: NetName=GND Pin=C21-2
Added Pin To Net: NetName=NetC22_1 Pin=C22-1
Added Pin To Net: NetName=GND Pin=C22-2
Added Pin To Net: NetName=NetC23_1 Pin=C23-1
Added Pin To Net: NetName=GND Pin=C23-2
Added Pin To Net: NetName=GND Pin=C24-1
Added Pin To Net: NetName=+2.5VREF Pin=C24-2
Added Pin To Net: NetName=GND Pin=C25-1
Added Pin To Net: NetName=OLED_VIN Pin=C25-2
Added Pin To Net: NetName=GND Pin=C26-1
Added Pin To Net: NetName=OLED_VIN Pin=C26-2
Added Pin To Net: NetName=GND Pin=C27-1
Added Pin To Net: NetName=OLED_VIN Pin=C27-2
Added Pin To Net: NetName=GND Pin=C28-1
Added Pin To Net: NetName=NetC28_2 Pin=C28-2
Added Pin To Net: NetName=GND Pin=C29-1
Added Pin To Net: NetName=NetC29_2 Pin=C29-2
Added Pin To Net: NetName=GND Pin=C30-1
Added Pin To Net: NetName=OLED_VIN Pin=C30-2
Added Pin To Net: NetName=GND Pin=C31-1
Added Pin To Net: NetName=+2.5VREF Pin=C31-2
Added Pin To Net: NetName=GND Pin=C32-1
Added Pin To Net: NetName=+2.5VREF Pin=C32-2
Added Pin To Net: NetName=GND Pin=C33-1
Added Pin To Net: NetName=OLED_VIN Pin=C33-2
Added Pin To Net: NetName=GND Pin=C34-1
Added Pin To Net: NetName=OLED_VIN Pin=C34-2
Added Pin To Net: NetName=GND Pin=C35-1
Added Pin To Net: NetName=OLED_VIN Pin=C35-2
Added Pin To Net: NetName=GND Pin=C36-1
Added Pin To Net: NetName=OLED_VIN Pin=C36-2
Added Pin To Net: NetName=GND Pin=C37-1
Added Pin To Net: NetName=OLED_VIN Pin=C37-2
Added Pin To Net: NetName=GND Pin=C38-1
Added Pin To Net: NetName=OLED_VIN Pin=C38-2
Added Pin To Net: NetName=GND Pin=C39-1
Added Pin To Net: NetName=OLED_VIN Pin=C39-2
Added Pin To Net: NetName=GND Pin=C40-1
Added Pin To Net: NetName=OLED_VIN Pin=C40-2
Added Pin To Net: NetName=GND Pin=C41-1
Added Pin To Net: NetName=GND Pin=C42-1
Added Pin To Net: NetName=NetC44_1 Pin=C44-1
Added Pin To Net: NetName=NetC44_2 Pin=C44-2
Added Pin To Net: NetName=+1.25VREF Pin=C45-1
Added Pin To Net: NetName=NetC45_2 Pin=C45-2
Added Pin To Net: NetName=+1.25VREF Pin=C46-1
Added Pin To Net: NetName=NetC46_2 Pin=C46-2
Added Pin To Net: NetName=NetC47_2 Pin=C47-2
Added Pin To Net: NetName=+1.25VREF Pin=C48-1
Added Pin To Net: NetName=NetC48_2 Pin=C48-2
Added Pin To Net: NetName=GND Pin=C49-1
Added Pin To Net: NetName=OLED_VIN Pin=C49-2
Added Pin To Net: NetName=NetC51_1 Pin=C51-1
Added Pin To Net: NetName=NetC51_2 Pin=C51-2
Added Pin To Net: NetName=GND Pin=C52-1
Added Pin To Net: NetName=NetC52_2 Pin=C52-2
Added Pin To Net: NetName=GND Pin=C53-1
Added Pin To Net: NetName=NetC53_2 Pin=C53-2
Added Pin To Net: NetName=NetD1_1 Pin=D1-1
Added Pin To Net: NetName=VCC Pin=D1-2
Added Pin To Net: NetName=VEE Pin=D2-1
Added Pin To Net: NetName=NetD2_2 Pin=D2-2
Added Pin To Net: NetName=NetD3_1 Pin=D3-1
Added Pin To Net: NetName=GND Pin=D3-2
Added Pin To Net: NetName=NetD3_3 Pin=D3-3
Added Pin To Net: NetName=GND Pin=J1-1
Added Pin To Net: NetName=NetJ1_3 Pin=J1-3
Added Pin To Net: NetName=NetJ2_1 Pin=J2-1
Added Pin To Net: NetName=NetJ2_3 Pin=J2-3
Added Pin To Net: NetName=NetJ3_1 Pin=J3-1
Added Pin To Net: NetName=NetJ3_3 Pin=J3-3
Added Pin To Net: NetName=NetJ4_1 Pin=J4-1
Added Pin To Net: NetName=NetJ4_3 Pin=J4-3
Added Pin To Net: NetName=OLED_VIN Pin=L1-1
Added Pin To Net: NetName=NetC11_1 Pin=L1-2
Added Pin To Net: NetName=NetD1_1 Pin=P1-1
Added Pin To Net: NetName=GND Pin=P1-4
Added Pin To Net: NetName=GND Pin=P1-6
Added Pin To Net: NetName=GND Pin=P1-8
Added Pin To Net: NetName=NetD2_2 Pin=P1-9
Added Pin To Net: NetName=OLED_SPI_MOSI Pin=P2-1
Added Pin To Net: NetName=OLED_SPI_CLK Pin=P2-2
Added Pin To Net: NetName=OLED_DC Pin=P2-3
Added Pin To Net: NetName=OLED_RESET Pin=P2-4
Added Pin To Net: NetName=OLED_CS Pin=P2-5
Added Pin To Net: NetName=OLED_3_3V Pin=P2-6
Added Pin To Net: NetName=OLED_VIN Pin=P2-7
Added Pin To Net: NetName=GND Pin=P2-8
Added Pin To Net: NetName=OLED_VIN Pin=P3-1
Added Pin To Net: NetName=OLED_VIN Pin=P3-2
Added Pin To Net: NetName=TRST Pin=P3-3
Added Pin To Net: NetName=GND Pin=P3-4
Added Pin To Net: NetName=TDI Pin=P3-5
Added Pin To Net: NetName=GND Pin=P3-6
Added Pin To Net: NetName=TMS Pin=P3-7
Added Pin To Net: NetName=GND Pin=P3-8
Added Pin To Net: NetName=TCK Pin=P3-9
Added Pin To Net: NetName=GND Pin=P3-10
Added Pin To Net: NetName=NetP3_11 Pin=P3-11
Added Pin To Net: NetName=GND Pin=P3-12
Added Pin To Net: NetName=TDO Pin=P3-13
Added Pin To Net: NetName=GND Pin=P3-14
Added Pin To Net: NetName=RESET Pin=P3-15
Added Pin To Net: NetName=GND Pin=P3-16
Added Pin To Net: NetName=NetP3_17 Pin=P3-17
Added Pin To Net: NetName=GND Pin=P3-18
Added Pin To Net: NetName=NetP3_19 Pin=P3-19
Added Pin To Net: NetName=GND Pin=P3-20
Added Pin To Net: NetName=GND Pin=P4-1
Added Pin To Net: NetName=RS232_TX Pin=P4-2
Added Pin To Net: NetName=RS232_RX Pin=P4-3
Added Pin To Net: NetName=NetJ1_3 Pin=R1-1
Added Pin To Net: NetName=NetC2_2 Pin=R1-2
Added Pin To Net: NetName=NetC2_2 Pin=R2-1
Added Pin To Net: NetName=NetC3_2 Pin=R2-2
Added Pin To Net: NetName=NetC1_1 Pin=R3-1
Added Pin To Net: NetName=NetR3_2 Pin=R3-2
Added Pin To Net: NetName=NetC4_2 Pin=R4-1
Added Pin To Net: NetName=NetC1_1 Pin=R4-2
Added Pin To Net: NetName=NetJ1_3 Pin=R5-1
Added Pin To Net: NetName=NetC2_1 Pin=R5-2
Added Pin To Net: NetName=NetR6_U_Encoders_X_1 Pin=R6_U_Encoders_X-1
Added Pin To Net: NetName=OLED_VIN Pin=R6_U_Encoders_X-2
Added Pin To Net: NetName=NetR6_U_Encoders_Y_1 Pin=R6_U_Encoders_Y-1
Added Pin To Net: NetName=OLED_VIN Pin=R6_U_Encoders_Y-2
Added Pin To Net: NetName=OLED_VIN Pin=R7_U_Encoders_X-1
Added Pin To Net: NetName=NetR7_U_Encoders_X_2 Pin=R7_U_Encoders_X-2
Added Pin To Net: NetName=OLED_VIN Pin=R7_U_Encoders_Y-1
Added Pin To Net: NetName=NetR7_U_Encoders_Y_2 Pin=R7_U_Encoders_Y-2
Added Pin To Net: NetName=NetR6_U_Encoders_X_1 Pin=R8_U_Encoders_X-1
Added Pin To Net: NetName=NetC5_U_Encoders_X_1 Pin=R8_U_Encoders_X-2
Added Pin To Net: NetName=NetR6_U_Encoders_Y_1 Pin=R8_U_Encoders_Y-1
Added Pin To Net: NetName=NetC5_U_Encoders_Y_1 Pin=R8_U_Encoders_Y-2
Added Pin To Net: NetName=NetR7_U_Encoders_X_2 Pin=R9_U_Encoders_X-1
Added Pin To Net: NetName=NetC6_U_Encoders_X_2 Pin=R9_U_Encoders_X-2
Added Pin To Net: NetName=NetR7_U_Encoders_Y_2 Pin=R9_U_Encoders_Y-1
Added Pin To Net: NetName=NetC6_U_Encoders_Y_2 Pin=R9_U_Encoders_Y-2
Added Pin To Net: NetName=VCC Pin=R10-1
Added Pin To Net: NetName=NetR10_2 Pin=R10-2
Added Pin To Net: NetName=OLED_VIN Pin=R11-1
Added Pin To Net: NetName=NetC14_2 Pin=R11-2
Added Pin To Net: NetName=NetC14_2 Pin=R12-1
Added Pin To Net: NetName=GND Pin=R12-2
Added Pin To Net: NetName=NetC19_1 Pin=R13-1
Added Pin To Net: NetName=NetC20_1 Pin=R14-1
Added Pin To Net: NetName=NetC44_1 Pin=R14-2
Added Pin To Net: NetName=NetC21_1 Pin=R15-1
Added Pin To Net: NetName=OLED_VIN Pin=R16-1
Added Pin To Net: NetName=NetR16_2 Pin=R16-2
Added Pin To Net: NetName=OLED_VIN Pin=R17-1
Added Pin To Net: NetName=NetR17_2 Pin=R17-2
Added Pin To Net: NetName=NetC22_1 Pin=R18-1
Added Pin To Net: NetName=NetR18_2 Pin=R18-2
Added Pin To Net: NetName=NetC23_1 Pin=R19-1
Added Pin To Net: NetName=NetR19_2 Pin=R19-2
Added Pin To Net: NetName=NetR3_2 Pin=R20-1
Added Pin To Net: NetName=V_DAC_I2C Pin=R20-2
Added Pin To Net: NetName=NetR3_2 Pin=R21-1
Added Pin To Net: NetName=V_DAC_INT Pin=R21-2
Added Pin To Net: NetName=NetR22_1 Pin=R22-1
Added Pin To Net: NetName=ADC_SPI_CLK Pin=R22-2
Added Pin To Net: NetName=NetR23_1 Pin=R23-1
Added Pin To Net: NetName=ADC_SPI_MOSI Pin=R23-2
Added Pin To Net: NetName=NetR24_1 Pin=R24-1
Added Pin To Net: NetName=ADC_SPI_MISO Pin=R24-2
Added Pin To Net: NetName=NetR25_1 Pin=R25-1
Added Pin To Net: NetName=ADC_SPI_CS Pin=R25-2
Added Pin To Net: NetName=NetD3_3 Pin=R26-1
Added Pin To Net: NetName=GREEN LED Pin=R26-2
Added Pin To Net: NetName=GND Pin=R27-1
Added Pin To Net: NetName=NetD3_1 Pin=R28-1
Added Pin To Net: NetName=RED LED Pin=R28-2
Added Pin To Net: NetName=GND Pin=R29-1
Added Pin To Net: NetName=NetP3_11 Pin=R29-2
Added Pin To Net: NetName=GND Pin=R30-1
Added Pin To Net: NetName=NetP3_17 Pin=R30-2
Added Pin To Net: NetName=GND Pin=R31-1
Added Pin To Net: NetName=NetP3_19 Pin=R31-2
Added Pin To Net: NetName=NetC44_1 Pin=R33-1
Added Pin To Net: NetName=NetC44_2 Pin=R33-2
Added Pin To Net: NetName=GND Pin=R34-1
Added Pin To Net: NetName=+2.5VREF Pin=R34-2
Added Pin To Net: NetName=NetJ2_3 Pin=R35-2
Added Pin To Net: NetName=NetC44_2 Pin=R36-1
Added Pin To Net: NetName=NetJ3_3 Pin=R36-2
Added Pin To Net: NetName=NetC45_2 Pin=R37-1
Added Pin To Net: NetName=NetJ2_1 Pin=R37-2
Added Pin To Net: NetName=NetC46_2 Pin=R38-1
Added Pin To Net: NetName=NetJ3_1 Pin=R38-2
Added Pin To Net: NetName=NetC45_2 Pin=R39-1
Added Pin To Net: NetName=+1.25VREF Pin=R39-2
Added Pin To Net: NetName=NetC46_2 Pin=R40-1
Added Pin To Net: NetName=+1.25VREF Pin=R40-2
Added Pin To Net: NetName=NetC47_2 Pin=R41-2
Added Pin To Net: NetName=GND Pin=R42-1
Added Pin To Net: NetName=+2.5VREF Pin=R42-2
Added Pin To Net: NetName=+2.5VREF Pin=R43-2
Added Pin To Net: NetName=NetC47_2 Pin=R44-1
Added Pin To Net: NetName=NetJ4_3 Pin=R44-2
Added Pin To Net: NetName=GND Pin=R45-2
Added Pin To Net: NetName=NetC48_2 Pin=R46-1
Added Pin To Net: NetName=NetJ4_1 Pin=R46-2
Added Pin To Net: NetName=NetC48_2 Pin=R47-1
Added Pin To Net: NetName=+1.25VREF Pin=R47-2
Added Pin To Net: NetName=GND Pin=S1-1
Added Pin To Net: NetName=BUTTON 1 Pin=S1-2
Added Pin To Net: NetName=GND Pin=S1-3
Added Pin To Net: NetName=BUTTON 1 Pin=S1-4
Added Pin To Net: NetName=GND Pin=S2-1
Added Pin To Net: NetName=BUTTON 2 Pin=S2-2
Added Pin To Net: NetName=GND Pin=S2-3
Added Pin To Net: NetName=BUTTON 2 Pin=S2-4
Added Pin To Net: NetName=NetJ1_3 Pin=TP1-1
Added Pin To Net: NetName=NetC1_2 Pin=TP2-1
Added Pin To Net: NetName=+2.5VREF Pin=TP3-1
Added Pin To Net: NetName=GND Pin=TP4-1
Added Pin To Net: NetName=OLED_VIN Pin=TP5-1
Added Pin To Net: NetName=NetR16_2 Pin=TP6-1
Added Pin To Net: NetName=NetR17_2 Pin=TP7-1
Added Pin To Net: NetName=V_DAC_I2C Pin=TP8-1
Added Pin To Net: NetName=V_DAC_INT Pin=TP9-1
Added Pin To Net: NetName=ADC_SPI_CLK Pin=TP10-1
Added Pin To Net: NetName=ADC_SPI_MOSI Pin=TP11-1
Added Pin To Net: NetName=ADC_SPI_MISO Pin=TP12-1
Added Pin To Net: NetName=ADC_SPI_CS Pin=TP13-1
Added Pin To Net: NetName=NetJ2_3 Pin=TP14-1
Added Pin To Net: NetName=NetJ3_3 Pin=TP15-1
Added Pin To Net: NetName=NetR18_2 Pin=TP16-1
Added Pin To Net: NetName=NetC44_1 Pin=TP18-1
Added Pin To Net: NetName=NetJ2_1 Pin=TP19-1
Added Pin To Net: NetName=NetJ3_1 Pin=TP20-1
Added Pin To Net: NetName=NetJ4_3 Pin=TP21-1
Added Pin To Net: NetName=NetR19_2 Pin=TP22-1
Added Pin To Net: NetName=+1.25VREF Pin=TP23-1
Added Pin To Net: NetName=NetJ4_1 Pin=TP25-1
Added Pin To Net: NetName=RS232_RX Pin=TP26-1
Added Pin To Net: NetName=RS232_TX Pin=TP28-1
Added Pin To Net: NetName=NetC1_2 Pin=U1-1
Added Pin To Net: NetName=NetC1_2 Pin=U1-2
Added Pin To Net: NetName=NetC4_2 Pin=U1-3
Added Pin To Net: NetName=VEE Pin=U1-4
Added Pin To Net: NetName=GND Pin=U1-5
Added Pin To Net: NetName=NetC2_2 Pin=U1-6
Added Pin To Net: NetName=NetC2_1 Pin=U1-7
Added Pin To Net: NetName=VCC Pin=U1-8
Added Pin To Net: NetName=NetU2_U_Encoders_X_1 Pin=U2_U_Encoders_X-1
Added Pin To Net: NetName=GND Pin=U2_U_Encoders_X-2
Added Pin To Net: NetName=NetR7_U_Encoders_X_2 Pin=U2_U_Encoders_X-3
Added Pin To Net: NetName=GND Pin=U2_U_Encoders_X-4
Added Pin To Net: NetName=NetR6_U_Encoders_X_1 Pin=U2_U_Encoders_X-5
Added Pin To Net: NetName=NetU2_U_Encoders_Y_1 Pin=U2_U_Encoders_Y-1
Added Pin To Net: NetName=GND Pin=U2_U_Encoders_Y-2
Added Pin To Net: NetName=NetR7_U_Encoders_Y_2 Pin=U2_U_Encoders_Y-3
Added Pin To Net: NetName=GND Pin=U2_U_Encoders_Y-4
Added Pin To Net: NetName=NetR6_U_Encoders_Y_1 Pin=U2_U_Encoders_Y-5
Added Pin To Net: NetName=GND Pin=U3-2
Added Pin To Net: NetName=OLED_VIN Pin=U3-3
Added Pin To Net: NetName=+2.5VREF Pin=U3-4
Added Pin To Net: NetName=OLED_VIN Pin=U3-5
Added Pin To Net: NetName=NetC11_2 Pin=U4-1
Added Pin To Net: NetName=VCC Pin=U4-2
Added Pin To Net: NetName=NetC11_1 Pin=U4-3
Added Pin To Net: NetName=GND Pin=U4-4
Added Pin To Net: NetName=NetC14_2 Pin=U4-5
Added Pin To Net: NetName=NetC17_2 Pin=U4-6
Added Pin To Net: NetName=NetR10_2 Pin=U4-7
Added Pin To Net: NetName=NetC18_2 Pin=U4-8
Added Pin To Net: NetName=GND Pin=U4-9
Added Pin To Net: NetName=GREEN LED Pin=U5-2
Added Pin To Net: NetName=RED LED Pin=U5-3
Added Pin To Net: NetName=OLED_VIN Pin=U5-6
Added Pin To Net: NetName=GND Pin=U5-10
Added Pin To Net: NetName=OLED_VIN Pin=U5-11
Added Pin To Net: NetName=RESET Pin=U5-14
Added Pin To Net: NetName=OLED_VIN Pin=U5-19
Added Pin To Net: NetName=GND Pin=U5-20
Added Pin To Net: NetName=+2.5VREF Pin=U5-21
Added Pin To Net: NetName=NetC19_1 Pin=U5-23
Added Pin To Net: NetName=NetC20_1 Pin=U5-24
Added Pin To Net: NetName=NetC21_1 Pin=U5-25
Added Pin To Net: NetName=NetC22_1 Pin=U5-26
Added Pin To Net: NetName=GND Pin=U5-27
Added Pin To Net: NetName=OLED_VIN Pin=U5-28
Added Pin To Net: NetName=NetC23_1 Pin=U5-29
Added Pin To Net: NetName=V_DAC_INT Pin=U5-30
Added Pin To Net: NetName=OLED_DC Pin=U5-33
Added Pin To Net: NetName=NetC6_U_Encoders_X_2 Pin=U5-41
Added Pin To Net: NetName=NetC5_U_Encoders_X_1 Pin=U5-42
Added Pin To Net: NetName=NetC6_U_Encoders_Y_2 Pin=U5-43
Added Pin To Net: NetName=NetC5_U_Encoders_Y_1 Pin=U5-44
Added Pin To Net: NetName=NetU2_U_Encoders_X_1 Pin=U5-45
Added Pin To Net: NetName=NetU2_U_Encoders_Y_1 Pin=U5-46
Added Pin To Net: NetName=NetC29_2 Pin=U5-49
Added Pin To Net: NetName=OLED_VIN Pin=U5-50
Added Pin To Net: NetName=OLED_SPI_CLK Pin=U5-52
Added Pin To Net: NetName=OLED_CS Pin=U5-53
Added Pin To Net: NetName=OLED_SPI_MOSI Pin=U5-54
Added Pin To Net: NetName=OLED_DC Pin=U5-55
Added Pin To Net: NetName=OLED_RESET Pin=U5-56
Added Pin To Net: NetName=TMS Pin=U5-72
Added Pin To Net: NetName=NetC28_2 Pin=U5-73
Added Pin To Net: NetName=GND Pin=U5-74
Added Pin To Net: NetName=OLED_VIN Pin=U5-75
Added Pin To Net: NetName=TCK Pin=U5-76
Added Pin To Net: NetName=TDI Pin=U5-77
Added Pin To Net: NetName=ADC_SPI_CLK Pin=U5-78
Added Pin To Net: NetName=ADC_SPI_MISO Pin=U5-79
Added Pin To Net: NetName=ADC_SPI_MOSI Pin=U5-80
Added Pin To Net: NetName=ADC_SPI_CS Pin=U5-81
Added Pin To Net: NetName=TDO Pin=U5-89
Added Pin To Net: NetName=TRST Pin=U5-90
Added Pin To Net: NetName=NetR16_2 Pin=U5-92
Added Pin To Net: NetName=NetR17_2 Pin=U5-93
Added Pin To Net: NetName=BUTTON 1 Pin=U5-97
Added Pin To Net: NetName=BUTTON 2 Pin=U5-98
Added Pin To Net: NetName=GND Pin=U5-99
Added Pin To Net: NetName=OLED_VIN Pin=U5-100
Added Pin To Net: NetName=OLED_VIN Pin=U6-1
Added Pin To Net: NetName=+2.5VREF Pin=U6-2
Added Pin To Net: NetName=V_DAC_I2C Pin=U6-3
Added Pin To Net: NetName=V_DAC_I2C Pin=U6-4
Added Pin To Net: NetName=GND Pin=U6-5
Added Pin To Net: NetName=NetR16_2 Pin=U6-6
Added Pin To Net: NetName=NetR17_2 Pin=U6-7
Added Pin To Net: NetName=GND Pin=U6-8
Added Pin To Net: NetName=NetR22_1 Pin=U7-1
Added Pin To Net: NetName=NetR25_1 Pin=U7-2
Added Pin To Net: NetName=GND Pin=U7-3
Added Pin To Net: NetName=NetC19_1 Pin=U7-4
Added Pin To Net: NetName=NetC20_1 Pin=U7-5
Added Pin To Net: NetName=NetC21_1 Pin=U7-6
Added Pin To Net: NetName=NetC22_1 Pin=U7-7
Added Pin To Net: NetName=OLED_VIN Pin=U7-8
Added Pin To Net: NetName=NetR24_1 Pin=U7-9
Added Pin To Net: NetName=NetR23_1 Pin=U7-10
Added Pin To Net: NetName=GND Pin=U8-2
Added Pin To Net: NetName=OLED_VIN Pin=U8-4
Added Pin To Net: NetName=NetR18_2 Pin=U9-1
Added Pin To Net: NetName=NetR18_2 Pin=U9-2
Added Pin To Net: NetName=GND Pin=U9-4
Added Pin To Net: NetName=NetC45_2 Pin=U9-5
Added Pin To Net: NetName=OLED_VIN Pin=U9-8
Added Pin To Net: NetName=NetC44_1 Pin=U10-1
Added Pin To Net: NetName=NetC44_2 Pin=U10-2
Added Pin To Net: NetName=NetC46_2 Pin=U10-3
Added Pin To Net: NetName=GND Pin=U10-4
Added Pin To Net: NetName=NetR19_2 Pin=U10-6
Added Pin To Net: NetName=NetR19_2 Pin=U10-7
Added Pin To Net: NetName=OLED_VIN Pin=U10-8
Added Pin To Net: NetName=+1.25VREF Pin=U11-1
Added Pin To Net: NetName=+1.25VREF Pin=U11-2
Added Pin To Net: NetName=GND Pin=U11-4
Added Pin To Net: NetName=NetC48_2 Pin=U11-5
Added Pin To Net: NetName=NetC47_2 Pin=U11-6
Added Pin To Net: NetName=OLED_VIN Pin=U11-8
Added Pin To Net: NetName=GND Pin=U12-1
Added Pin To Net: NetName=NetC52_2 Pin=U12-3
Added Pin To Net: NetName=NetC51_2 Pin=U12-5
Added Pin To Net: NetName=NetC51_1 Pin=U12-6
Added Pin To Net: NetName=NetC53_2 Pin=U12-7
Added Pin To Net: NetName=RS232_TX Pin=U12-8
Added Pin To Net: NetName=OLED_VIN Pin=U12-12
Added Pin To Net: NetName=RS232_RX Pin=U12-13
Added Pin To Net: NetName=GND Pin=U12-14
Added Pin To Net: NetName=OLED_VIN Pin=U12-15
Added Pin To Net: NetName=OLED_VIN Pin=U12-16
Added Pin To Net: NetName=NetC41_2 Pin=C41-2
Added Pin To Net: NetName=NetC41_2 Pin=C42-2
Added Pin To Net: NetName=NetC41_2 Pin=U5-22
Added Net: Name=NetC41_2
Added Pin To Net: NetName=NetC43_1 Pin=C43-1
Added Pin To Net: NetName=NetC43_1 Pin=R13-2
Added Pin To Net: NetName=NetC43_1 Pin=R32-1
Added Pin To Net: NetName=NetC43_1 Pin=TP17-1
Added Pin To Net: NetName=NetC43_1 Pin=U9-7
Added Net: Name=NetC43_1
Added Pin To Net: NetName=NetC43_2 Pin=C43-2
Added Pin To Net: NetName=NetC43_2 Pin=R32-2
Added Pin To Net: NetName=NetC43_2 Pin=R35-1
Added Pin To Net: NetName=NetC43_2 Pin=U9-6
Added Net: Name=NetC43_2
Added Pin To Net: NetName=NetC47_1 Pin=C47-1
Added Pin To Net: NetName=NetC47_1 Pin=R15-2
Added Pin To Net: NetName=NetC47_1 Pin=R41-1
Added Pin To Net: NetName=NetC47_1 Pin=TP24-1
Added Pin To Net: NetName=NetC47_1 Pin=U11-7
Added Net: Name=NetC47_1
Added Pin To Net: NetName=NetC50_1 Pin=C50-1
Added Pin To Net: NetName=NetC50_1 Pin=U12-4
Added Net: Name=NetC50_1
Added Pin To Net: NetName=NetC50_2 Pin=C50-2
Added Pin To Net: NetName=NetC50_2 Pin=U12-2
Added Net: Name=NetC50_2
Added Pin To Net: NetName=NetR27_2 Pin=R27-2
Added Pin To Net: NetName=NetR27_2 Pin=U5-94
Added Net: Name=NetR27_2
Added Pin To Net: NetName=NetR34_3 Pin=R34-3
Added Pin To Net: NetName=NetR34_3 Pin=U9-3
Added Net: Name=NetR34_3
Added Pin To Net: NetName=NetR42_3 Pin=R42-3
Added Pin To Net: NetName=NetR42_3 Pin=U10-5
Added Net: Name=NetR42_3
Added Pin To Net: NetName=NetR43_1 Pin=R43-1
Added Pin To Net: NetName=NetR43_1 Pin=R45-1
Added Pin To Net: NetName=NetR43_1 Pin=U11-3
Added Net: Name=NetR43_1
Added Pin To Net: NetName=NetTP27_1 Pin=TP27-1
Added Pin To Net: NetName=NetTP27_1 Pin=U5-68
Added Pin To Net: NetName=NetTP27_1 Pin=U12-11
Added Net: Name=NetTP27_1
Added Pin To Net: NetName=NetTP29_1 Pin=TP29-1
Added Pin To Net: NetName=NetTP29_1 Pin=U5-69
Added Pin To Net: NetName=NetTP29_1 Pin=U12-9
Added Net: Name=NetTP29_1
Added Pin To Net: NetName=NetTP30_1 Pin=TP30-1
Added Pin To Net: NetName=NetTP30_1 Pin=U5-67
Added Pin To Net: NetName=NetTP30_1 Pin=U12-10
Added Net: Name=NetTP30_1
Added Pin To Net: NetName=NetU5_12 Pin=U5-12
Added Pin To Net: NetName=NetU5_12 Pin=U8-3
Added Net: Name=NetU5_12
Added Member To Class: ClassName=U_Audio Member=Component C1 CC0603JRNPO9BN101
Added Member To Class: ClassName=U_Audio Member=Component C2 06031A470FAT2A
Added Member To Class: ClassName=U_Audio Member=Component C3 C3216JB1H106M160AB
Added Member To Class: ClassName=U_Audio Member=Component C4 CC0603JRNPO9BN101
Added Member To Class: ClassName=U_Encoders_X Member=Component C5_U_Encoders_X (C5) CC1206KKX7R7BB225
Added Member To Class: ClassName=U_Encoders_Y Member=Component C5_U_Encoders_Y (C5) CC1206KKX7R7BB225
Added Member To Class: ClassName=U_Encoders_X Member=Component C6_U_Encoders_X (C6) CC1206KKX7R7BB225
Added Member To Class: ClassName=U_Encoders_Y Member=Component C6_U_Encoders_Y (C6) CC1206KKX7R7BB225
Added Member To Class: ClassName=U_Power Supplies Member=Component C7 06035G104ZAT2A
Added Member To Class: ClassName=U_Power Supplies Member=Component C8 EEE-FK1V470P
Added Member To Class: ClassName=U_Power Supplies Member=Component C9 EEE-FK1V470P
Added Member To Class: ClassName=U_Power Supplies Member=Component C10 CL21A475KACLRNC
Added Member To Class: ClassName=U_Power Supplies Member=Component C11 06035G104ZAT2A
Added Member To Class: ClassName=U_Power Supplies Member=Component C12 C3216JB1H106M160AB
Added Member To Class: ClassName=U_Power Supplies Member=Component C13 C3216JB1H106M160AB
Added Member To Class: ClassName=U_Power Supplies Member=Component C14 C0603C220J5GACTU
Added Member To Class: ClassName=U_Power Supplies Member=Component C15 CL21A226KPCLRNC
Added Member To Class: ClassName=U_Power Supplies Member=Component C16 CL21A226KPCLRNC
Added Member To Class: ClassName=U_Power Supplies Member=Component C17 CL10A105KA8NNNC
Added Member To Class: ClassName=U_Power Supplies Member=Component C18 CL10B103KB8NCNC
Added Member To Class: ClassName=U_Processor Member=Component C19 06035G104ZAT2A
Added Member To Class: ClassName=U_Processor Member=Component C20 06035G104ZAT2A
Added Member To Class: ClassName=U_Processor Member=Component C21 06035G104ZAT2A
Added Member To Class: ClassName=U_Processor Member=Component C22 06035G104ZAT2A
Added Member To Class: ClassName=U_Processor Member=Component C23 06035G104ZAT2A
Added Member To Class: ClassName=U_Processor Member=Component C24 06035G104ZAT2A
Added Member To Class: ClassName=U_Processor Member=Component C25 06035G104ZAT2A
Added Member To Class: ClassName=U_Processor Member=Component C26 06035G104ZAT2A
Added Member To Class: ClassName=U_Processor Member=Component C27 CL10B103KB8NCNC
Added Member To Class: ClassName=U_Processor Member=Component C28 CC1206KKX7R7BB225
Added Member To Class: ClassName=U_Processor Member=Component C29 CC1206KKX7R7BB225
Added Member To Class: ClassName=U_Processor Member=Component C30 CL10A105KA8NNNC
Added Member To Class: ClassName=U_Processor Member=Component C31 CL10A105KA8NNNC
Added Member To Class: ClassName=U_Processor Member=Component C32 06035G104ZAT2A
Added Member To Class: ClassName=U_Processor Member=Component C33 06035G104ZAT2A
Added Member To Class: ClassName=U_Processor Member=Component C34 06035G104ZAT2A
Added Member To Class: ClassName=U_Processor Member=Component C35 06035G104ZAT2A
Added Member To Class: ClassName=U_Processor Member=Component C36 06035G104ZAT2A
Added Member To Class: ClassName=U_Processor Member=Component C37 06035G104ZAT2A
Added Member To Class: ClassName=U_Processor Member=Component C38 06035G104ZAT2A
Added Member To Class: ClassName=U_Processor Member=Component C39 06035G104ZAT2A
Added Member To Class: ClassName=U_Processor Member=Component C40 06035G104ZAT2A
Added Member To Class: ClassName=U_Processor Member=Component C41 CL10A105KA8NNNC
Added Member To Class: ClassName=U_Processor Member=Component C42 06035G104ZAT2A
Added Member To Class: ClassName=U_Analog Member=Component C43 06035G104ZAT2A
Added Member To Class: ClassName=U_Analog Member=Component C44 06035G104ZAT2A
Added Member To Class: ClassName=U_Analog Member=Component C45 06035G104ZAT2A
Added Member To Class: ClassName=U_Analog Member=Component C46 06035G104ZAT2A
Added Member To Class: ClassName=U_Analog Member=Component C47 06035G104ZAT2A
Added Member To Class: ClassName=U_Analog Member=Component C48 06035G104ZAT2A
Added Member To Class: ClassName=U_Communications Member=Component C49 06035G104ZAT2A
Added Member To Class: ClassName=U_Communications Member=Component C50 06035G104ZAT2A
Added Member To Class: ClassName=U_Communications Member=Component C51 06035G104ZAT2A
Added Member To Class: ClassName=U_Communications Member=Component C52 06035G104ZAT2A
Added Member To Class: ClassName=U_Communications Member=Component C53 06035G104ZAT2A
Added Member To Class: ClassName=U_Power Supplies Member=Component D1 1N5819HW-7-F
Added Member To Class: ClassName=U_Power Supplies Member=Component D2 1N5819HW-7-F
Added Member To Class: ClassName=U_Processor Member=Component D3 SSL-LX3059IGW
Added Member To Class: ClassName=U_Audio Member=Component J1 WQP-PJ301M-12_JACK
Added Member To Class: ClassName=U_Analog Member=Component J2 WQP-PJ301M-12_JACK
Added Member To Class: ClassName=U_Analog Member=Component J3 WQP-PJ301M-12_JACK
Added Member To Class: ClassName=U_Analog Member=Component J4 WQP-PJ301M-12_JACK
Added Member To Class: ClassName=U_Power Supplies Member=Component L1 CLF7045T-3R3N
Added Member To Class: ClassName=U_Power Supplies Member=Component P1 Header 5X2
Added Member To Class: ClassName=U_Processor Member=Component P2 640456-8
Added Member To Class: ClassName=U_Processor Member=Component P3 302-S201
Added Member To Class: ClassName=U_Communications Member=Component P4 Header 3
Added Member To Class: ClassName=U_Audio Member=Component R1 RR0816P-104-D
Added Member To Class: ClassName=U_Audio Member=Component R2 ERA-3AEB2492V
Added Member To Class: ClassName=U_Audio Member=Component R3 ERA-3AEB393V
Added Member To Class: ClassName=U_Audio Member=Component R4 ERA-3AEB393V
Added Member To Class: ClassName=U_Audio Member=Component R5 RR0816P-102-D
Added Member To Class: ClassName=U_Encoders_X Member=Component R6_U_Encoders_X (R6) RR1220P-103-D
Added Member To Class: ClassName=U_Encoders_Y Member=Component R6_U_Encoders_Y (R6) RR1220P-103-D
Added Member To Class: ClassName=U_Encoders_X Member=Component R7_U_Encoders_X (R7) RR1220P-103-D
Added Member To Class: ClassName=U_Encoders_Y Member=Component R7_U_Encoders_Y (R7) RR1220P-103-D
Added Member To Class: ClassName=U_Encoders_X Member=Component R8_U_Encoders_X (R8) RR1220P-103-D
Added Member To Class: ClassName=U_Encoders_Y Member=Component R8_U_Encoders_Y (R8) RR1220P-103-D
Added Member To Class: ClassName=U_Encoders_X Member=Component R9_U_Encoders_X (R9) RR1220P-103-D
Added Member To Class: ClassName=U_Encoders_Y Member=Component R9_U_Encoders_Y (R9) RR1220P-103-D
Added Member To Class: ClassName=U_Power Supplies Member=Component R10 RR1220P-103-D
Added Member To Class: ClassName=U_Power Supplies Member=Component R11 ERA-3AEB8452V
Added Member To Class: ClassName=U_Power Supplies Member=Component R12 ERA-3AEB2552V
Added Member To Class: ClassName=U_Processor Member=Component R13 CRGP0603F56R
Added Member To Class: ClassName=U_Processor Member=Component R14 CRGP0603F56R
Added Member To Class: ClassName=U_Processor Member=Component R15 CRGP0603F56R
Added Member To Class: ClassName=U_Processor Member=Component R16 RR0816P-102-D
Added Member To Class: ClassName=U_Processor Member=Component R17 RR0816P-102-D
Added Member To Class: ClassName=U_Processor Member=Component R18 CRGP0603F56R
Added Member To Class: ClassName=U_Processor Member=Component R19 CRGP0603F56R
Added Member To Class: ClassName=U_Processor Member=Component R20 RC0603JR-070RL
Added Member To Class: ClassName=U_Processor Member=Component R21 RC0603JR-070RL
Added Member To Class: ClassName=U_Processor Member=Component R22 CRGP0603F56R
Added Member To Class: ClassName=U_Processor Member=Component R23 CRGP0603F56R
Added Member To Class: ClassName=U_Processor Member=Component R24 CRGP0603F56R
Added Member To Class: ClassName=U_Processor Member=Component R25 CRGP0603F56R
Added Member To Class: ClassName=U_Processor Member=Component R26 ERJ-3EKF54R9V
Added Member To Class: ClassName=U_Processor Member=Component R27 RR1220P-103-D
Added Member To Class: ClassName=U_Processor Member=Component R28 RC1206FR-0764R9L
Added Member To Class: ClassName=U_Processor Member=Component R29 RR1220P-103-D
Added Member To Class: ClassName=U_Processor Member=Component R30 RR1220P-103-D
Added Member To Class: ClassName=U_Processor Member=Component R31 RR1220P-103-D
Added Member To Class: ClassName=U_Analog Member=Component R32 RR0816P-102-D
Added Member To Class: ClassName=U_Analog Member=Component R33 RR0816P-102-D
Added Member To Class: ClassName=U_Analog Member=Component R34 P0915N-FC15BR10K
Added Member To Class: ClassName=U_Analog Member=Component R35 RR1220P-103-D
Added Member To Class: ClassName=U_Analog Member=Component R36 RR1220P-103-D
Added Member To Class: ClassName=U_Analog Member=Component R37 RR1220P-103-D
Added Member To Class: ClassName=U_Analog Member=Component R38 RR1220P-103-D
Added Member To Class: ClassName=U_Analog Member=Component R39 RR0816P-102-D
Added Member To Class: ClassName=U_Analog Member=Component R40 RR0816P-102-D
Added Member To Class: ClassName=U_Analog Member=Component R41 RR0816P-102-D
Added Member To Class: ClassName=U_Analog Member=Component R42 P0915N-FC15BR10K
Added Member To Class: ClassName=U_Analog Member=Component R43 RR1220P-103-D
Added Member To Class: ClassName=U_Analog Member=Component R44 RR1220P-103-D
Added Member To Class: ClassName=U_Analog Member=Component R45 RR1220P-103-D
Added Member To Class: ClassName=U_Analog Member=Component R46 RR1220P-103-D
Added Member To Class: ClassName=U_Analog Member=Component R47 RR0816P-102-D
Added Member To Class: ClassName=U_Processor Member=Component S1 FSM101
Added Member To Class: ClassName=U_Processor Member=Component S2 FSM101
Added Member To Class: ClassName=U_Audio Member=Component TP1 loop test point
Added Member To Class: ClassName=U_Audio Member=Component TP2 loop test point
Added Member To Class: ClassName=U_Power Supplies Member=Component TP3 loop test point
Added Member To Class: ClassName=U_Power Supplies Member=Component TP4 loop test point
Added Member To Class: ClassName=U_Power Supplies Member=Component TP5 loop test point
Added Member To Class: ClassName=U_Processor Member=Component TP6 loop test point
Added Member To Class: ClassName=U_Processor Member=Component TP7 loop test point
Added Member To Class: ClassName=U_Processor Member=Component TP8 loop test point
Added Member To Class: ClassName=U_Processor Member=Component TP9 loop test point
Added Member To Class: ClassName=U_Processor Member=Component TP10 loop test point
Added Member To Class: ClassName=U_Processor Member=Component TP11 loop test point
Added Member To Class: ClassName=U_Processor Member=Component TP12 loop test point
Added Member To Class: ClassName=U_Processor Member=Component TP13 loop test point
Added Member To Class: ClassName=U_Analog Member=Component TP14 loop test point
Added Member To Class: ClassName=U_Analog Member=Component TP15 loop test point
Added Member To Class: ClassName=U_Analog Member=Component TP16 loop test point
Added Member To Class: ClassName=U_Analog Member=Component TP17 loop test point
Added Member To Class: ClassName=U_Analog Member=Component TP18 loop test point
Added Member To Class: ClassName=U_Analog Member=Component TP19 loop test point
Added Member To Class: ClassName=U_Analog Member=Component TP20 loop test point
Added Member To Class: ClassName=U_Analog Member=Component TP21 loop test point
Added Member To Class: ClassName=U_Analog Member=Component TP22 loop test point
Added Member To Class: ClassName=U_Analog Member=Component TP23 loop test point
Added Member To Class: ClassName=U_Analog Member=Component TP24 loop test point
Added Member To Class: ClassName=U_Analog Member=Component TP25 loop test point
Added Member To Class: ClassName=U_Communications Member=Component TP26 loop test point
Added Member To Class: ClassName=U_Communications Member=Component TP27 loop test point
Added Member To Class: ClassName=U_Communications Member=Component TP28 loop test point
Added Member To Class: ClassName=U_Communications Member=Component TP29 loop test point
Added Member To Class: ClassName=U_Communications Member=Component TP30 loop test point
Added Member To Class: ClassName=U_Audio Member=Component U1 TL072CD
Added Member To Class: ClassName=U_Encoders_X Member=Component U2_U_Encoders_X (U2) PEC11L-4115F-S0020
Added Member To Class: ClassName=U_Encoders_Y Member=Component U2_U_Encoders_Y (U2) PEC11L-4115F-S0020
Added Member To Class: ClassName=U_Power Supplies Member=Component U3 LM4132
Added Member To Class: ClassName=U_Power Supplies Member=Component U4 TPS54239EDDA
Added Member To Class: ClassName=U_Processor Member=Component U5 STM32F407VGT6
Added Member To Class: ClassName=U_Processor Member=Component U6 DAC8571IDGKR
Added Member To Class: ClassName=U_Processor Member=Component U7 ADS1118IDGSR
Added Member To Class: ClassName=U_Processor Member=Component U8 ASE-8.000MHZ-LC-T
Added Member To Class: ClassName=U_Analog Member=Component U9 OPA2337EA/3K
Added Member To Class: ClassName=U_Analog Member=Component U10 OPA2337EA/3K
Added Member To Class: ClassName=U_Analog Member=Component U11 OPA2337EA/3K
Added Member To Class: ClassName=U_Communications Member=Component U12 MAX3221ECPWR
