Change Component Designator: OldDesignator=C43 NewDesignator=C38
Change Component Designator: OldDesignator=C45 NewDesignator=C40
Change Component Designator: OldDesignator=C54 NewDesignator=C49
Added Component: Designator=C1(RES_0603)
Added Component: Designator=C2(RES_0603)
Added Component: Designator=C3(RES_1206)
Added Component: Designator=C4(RES_0603)
Added Component: Designator=C7(RES_0603)
Added Component: Designator=C10(RES_0805)
Added Component: Designator=C19(RES_0603)
Added Component: Designator=C20(RES_0603)
Added Component: Designator=C21(RES_0603)
Added Component: Designator=C22(RES_0603)
Added Component: Designator=C23(RES_0603)
Added Component: Designator=C24(RES_0603)
Added Component: Designator=C25(RES_0603)
Added Component: Designator=C26(RES_0603)
Added Component: Designator=C27(RES_0603)
Added Component: Designator=C28(RES_0805)
Added Component: Designator=C29(RES_0805)
Added Component: Designator=C30(RES_1206)
Added Component: Designator=C31(RES_0603)
Added Component: Designator=C32(RES_0603)
Added Component: Designator=C33(RES_0603)
Added Component: Designator=C34(RES_0603)
Added Component: Designator=C35(RES_0603)
Added Component: Designator=C36(RES_0603)
Added Component: Designator=C37(RES_0603)
Added Component: Designator=C39(RES_0603)
Added Component: Designator=C41(RES_0603)
Added Component: Designator=C42(RES_0603)
Added Component: Designator=C43(RES_0603)
Added Component: Designator=C44(RES_0603)
Added Component: Designator=C45(RES_0603)
Added Component: Designator=C46(RES_0603)
Added Component: Designator=C47(RES_0603)
Added Component: Designator=C48(RES_0603)
Added Component: Designator=C50(RES_0603)
Added Component: Designator=C51(RES_0603)
Added Component: Designator=D3(LED GRN/RED)
Added Component: Designator=R1(RES_0603)
Added Component: Designator=R2(RES_0603)
Added Component: Designator=R3(RES_0603)
Added Component: Designator=R4(RES_0603)
Added Component: Designator=R5(RES_0603)
Added Component: Designator=R14(RES_0603)
Added Component: Designator=R15(RES_0603)
Added Component: Designator=R16(RES_0603)
Added Component: Designator=R17(RES_0603)
Added Component: Designator=R18(RES_0603)
Added Component: Designator=R19(RES_0603)
Added Component: Designator=R20(RES_0603)
Added Component: Designator=R21(RES_0603)
Added Component: Designator=R22(RES_0603)
Added Component: Designator=R23(RES_0603)
Added Component: Designator=R24(RES_0603)
Added Component: Designator=R25(RES_0603)
Added Component: Designator=R26(RES_0603)
Added Component: Designator=R27(RES_0805)
Added Component: Designator=R28(RES_1206)
Added Component: Designator=R33(RES_0603)
Added Component: Designator=R35(RES_0805)
Added Component: Designator=R36(RES_0805)
Added Component: Designator=R37(RES_0805)
Added Component: Designator=R38(RES_0805)
Added Component: Designator=R40(RES_0603)
Added Component: Designator=R41(RES_0603)
Added Component: Designator=R43(RES_0805)
Added Component: Designator=R44(RES_0805)
Added Component: Designator=R45(RES_0805)
Added Component: Designator=R46(RES_0805)
Added Component: Designator=R47(RES_0603)
Added Component: Designator=TP1(Test Point Mt Hole)
Added Component: Designator=TP2(Test Point Mt Hole)
Added Component: Designator=TP3(Test Point Mt Hole)
Added Component: Designator=TP4(Test Point Mt Hole)
Added Component: Designator=TP6(Test Point Mt Hole)
Added Component: Designator=TP7(Test Point Mt Hole)
Added Component: Designator=TP8(Test Point Mt Hole)
Added Component: Designator=TP9(Test Point Mt Hole)
Added Component: Designator=TP10(Test Point Mt Hole)
Added Component: Designator=TP11(Test Point Mt Hole)
Added Component: Designator=TP12(Test Point Mt Hole)
Added Component: Designator=TP13(Test Point Mt Hole)
Added Component: Designator=TP16(Test Point Mt Hole)
Added Component: Designator=TP20(Test Point Mt Hole)
Added Component: Designator=TP22(Test Point Mt Hole)
Added Component: Designator=TP23(Test Point Mt Hole)
Added Component: Designator=TP24(Test Point Mt Hole)
Added Component: Designator=TP26(Test Point Mt Hole)
Added Component: Designator=TP27(Test Point Mt Hole)
Added Component: Designator=TP28(Test Point Mt Hole)
Added Component: Designator=TP29(Test Point Mt Hole)
Added Component: Designator=TP30(Test Point Mt Hole)
Added Component: Designator=U1(TI-D8_N)
Added Component: Designator=U3(LM4132CQ1MFT2.5)
Added Component: Designator=U5(STM-LQFP64_N)
Added Component: Designator=U6(DGK8)
Added Component: Designator=U8(ASE-8.000MHZ-LC-T)
Added Component: Designator=U10(SOT-23-8)
Added Component: Designator=U11(SOT-23-8)
Added Pin To Net: NetName=NetC1_1 Pin=C1-1
Added Pin To Net: NetName=NetC1_2 Pin=C1-2
Added Pin To Net: NetName=NetC2_1 Pin=C2-1
Added Pin To Net: NetName=NetC2_2 Pin=C2-2
Added Pin To Net: NetName=NetC1_2 Pin=C3-1
Added Pin To Net: NetName=NetC3_2 Pin=C3-2
Added Pin To Net: NetName=GND Pin=C4-1
Added Pin To Net: NetName=NetC4_2 Pin=C4-2
Added Pin To Net: NetName=GND Pin=C7-1
Added Pin To Net: NetName=+2.5VREF Pin=C7-2
Added Pin To Net: NetName=GND Pin=C10-1
Added Pin To Net: NetName=OLED_VIN Pin=C10-2
Added Pin To Net: NetName=NetC19_1 Pin=C19-1
Added Pin To Net: NetName=GND Pin=C19-2
Added Pin To Net: NetName=NetC20_1 Pin=C20-1
Added Pin To Net: NetName=GND Pin=C20-2
Added Pin To Net: NetName=NetC21_1 Pin=C21-1
Added Pin To Net: NetName=GND Pin=C21-2
Added Pin To Net: NetName=NetC22_1 Pin=C22-1
Added Pin To Net: NetName=GND Pin=C22-2
Added Pin To Net: NetName=NetC23_1 Pin=C23-1
Added Pin To Net: NetName=GND Pin=C23-2
Added Pin To Net: NetName=GND Pin=C24-1
Added Pin To Net: NetName=+2.5VREF Pin=C24-2
Added Pin To Net: NetName=GND Pin=C25-1
Added Pin To Net: NetName=OLED_VIN Pin=C25-2
Added Pin To Net: NetName=GND Pin=C26-1
Added Pin To Net: NetName=OLED_VIN Pin=C26-2
Added Pin To Net: NetName=OLED_VIN Pin=C27-2
Added Pin To Net: NetName=GND Pin=C28-1
Added Pin To Net: NetName=NetC28_2 Pin=C28-2
Added Pin To Net: NetName=GND Pin=C29-1
Added Pin To Net: NetName=NetC29_2 Pin=C29-2
Added Pin To Net: NetName=OLED_VIN Pin=C30-1
Added Pin To Net: NetName=GND Pin=C30-2
Added Pin To Net: NetName=GND Pin=C31-1
Added Pin To Net: NetName=OLED_VIN Pin=C31-2
Added Pin To Net: NetName=GND Pin=C32-1
Added Pin To Net: NetName=OLED_VIN Pin=C32-2
Added Pin To Net: NetName=GND Pin=C33-1
Added Pin To Net: NetName=OLED_VIN Pin=C33-2
Added Pin To Net: NetName=GND Pin=C34-1
Added Pin To Net: NetName=OLED_VIN Pin=C34-2
Added Pin To Net: NetName=GND Pin=C35-1
Added Pin To Net: NetName=OLED_VIN Pin=C35-2
Added Pin To Net: NetName=GND Pin=C36-1
Added Pin To Net: NetName=GND Pin=C37-1
Added Pin To Net: NetName=+1.25VREF Pin=C41-1
Added Pin To Net: NetName=NetC41_2 Pin=C41-2
Added Pin To Net: NetName=+1.25VREF Pin=C43-1
Added Pin To Net: NetName=GND Pin=C44-1
Added Pin To Net: NetName=OLED_VIN Pin=C44-2
Added Pin To Net: NetName=NetC46_2 Pin=C46-2
Added Pin To Net: NetName=GND Pin=C47-1
Added Pin To Net: NetName=NetC47_2 Pin=C47-2
Added Pin To Net: NetName=GND Pin=C48-1
Added Pin To Net: NetName=NetC48_2 Pin=C48-2
Added Pin To Net: NetName=GND Pin=C50-1
Added Pin To Net: NetName=OLED_VIN Pin=C50-2
Added Pin To Net: NetName=GND Pin=C51-1
Added Pin To Net: NetName=OLED_VIN Pin=C51-2
Added Pin To Net: NetName=NetD3_1 Pin=D3-1
Added Pin To Net: NetName=GND Pin=D3-2
Added Pin To Net: NetName=NetD3_3 Pin=D3-3
Added Pin To Net: NetName=NetJ1_3 Pin=R1-1
Added Pin To Net: NetName=NetC2_2 Pin=R1-2
Added Pin To Net: NetName=NetC2_2 Pin=R2-1
Added Pin To Net: NetName=NetC3_2 Pin=R2-2
Added Pin To Net: NetName=NetC1_1 Pin=R3-1
Added Pin To Net: NetName=NetR3_2 Pin=R3-2
Added Pin To Net: NetName=NetC4_2 Pin=R4-1
Added Pin To Net: NetName=NetC1_1 Pin=R4-2
Added Pin To Net: NetName=NetJ1_3 Pin=R5-1
Added Pin To Net: NetName=NetC2_1 Pin=R5-2
Added Pin To Net: NetName=NetC20_1 Pin=R14-1
Added Pin To Net: NetName=NetC21_1 Pin=R15-1
Added Pin To Net: NetName=OLED_VIN Pin=R16-1
Added Pin To Net: NetName=NetR16_2 Pin=R16-2
Added Pin To Net: NetName=OLED_VIN Pin=R17-1
Added Pin To Net: NetName=NetR16_2 Pin=R17-2
Added Pin To Net: NetName=NetC22_1 Pin=R18-1
Added Pin To Net: NetName=NetR18_2 Pin=R18-2
Added Pin To Net: NetName=NetC23_1 Pin=R19-1
Added Pin To Net: NetName=NetR19_2 Pin=R19-2
Added Pin To Net: NetName=NetR3_2 Pin=R20-1
Added Pin To Net: NetName=V_DAC_I2C Pin=R20-2
Added Pin To Net: NetName=NetR3_2 Pin=R21-1
Added Pin To Net: NetName=V_DAC_INT Pin=R21-2
Added Pin To Net: NetName=NetR22_1 Pin=R22-1
Added Pin To Net: NetName=ADC_SPI_CLK Pin=R22-2
Added Pin To Net: NetName=NetR23_1 Pin=R23-1
Added Pin To Net: NetName=ADC_SPI_MOSI Pin=R23-2
Added Pin To Net: NetName=NetR24_1 Pin=R24-1
Added Pin To Net: NetName=ADC_SPI_MISO Pin=R24-2
Added Pin To Net: NetName=NetR25_1 Pin=R25-1
Added Pin To Net: NetName=ADC_SPI_CS Pin=R25-2
Added Pin To Net: NetName=NetD3_3 Pin=R26-1
Added Pin To Net: NetName=GREEN LED Pin=R26-2
Added Pin To Net: NetName=GND Pin=R27-1
Added Pin To Net: NetName=NetR27_2 Pin=R27-2
Added Pin To Net: NetName=NetD3_1 Pin=R28-1
Added Pin To Net: NetName=RED LED Pin=R28-2
Added Pin To Net: NetName=NetC43_2 Pin=R35-1
Added Pin To Net: NetName=NetJ2_3 Pin=R35-2
Added Pin To Net: NetName=NetJ3_3 Pin=R36-2
Added Pin To Net: NetName=NetC45_2 Pin=R37-1
Added Pin To Net: NetName=NetJ2_1 Pin=R37-2
Added Pin To Net: NetName=NetC41_2 Pin=R38-1
Added Pin To Net: NetName=NetJ3_1 Pin=R38-2
Added Pin To Net: NetName=NetC41_2 Pin=R40-1
Added Pin To Net: NetName=+1.25VREF Pin=R40-2
Added Pin To Net: NetName=NetR43_1 Pin=R43-1
Added Pin To Net: NetName=+2.5VREF Pin=R43-2
Added Pin To Net: NetName=NetJ4_3 Pin=R44-2
Added Pin To Net: NetName=NetR43_1 Pin=R45-1
Added Pin To Net: NetName=GND Pin=R45-2
Added Pin To Net: NetName=NetJ4_1 Pin=R46-2
Added Pin To Net: NetName=+1.25VREF Pin=R47-2
Added Pin To Net: NetName=NetJ1_3 Pin=TP1-1
Added Pin To Net: NetName=NetC1_2 Pin=TP2-1
Added Pin To Net: NetName=+2.5VREF Pin=TP3-1
Added Pin To Net: NetName=GND Pin=TP4-1
Added Pin To Net: NetName=NetR16_2 Pin=TP6-1
Added Pin To Net: NetName=NetR16_2 Pin=TP7-1
Added Pin To Net: NetName=V_DAC_I2C Pin=TP8-1
Added Pin To Net: NetName=V_DAC_INT Pin=TP9-1
Added Pin To Net: NetName=ADC_SPI_CLK Pin=TP10-1
Added Pin To Net: NetName=ADC_SPI_MOSI Pin=TP11-1
Added Pin To Net: NetName=ADC_SPI_MISO Pin=TP12-1
Added Pin To Net: NetName=ADC_SPI_CS Pin=TP13-1
Added Pin To Net: NetName=NetR18_2 Pin=TP16-1
Added Pin To Net: NetName=NetJ3_1 Pin=TP20-1
Added Pin To Net: NetName=NetR19_2 Pin=TP22-1
Added Pin To Net: NetName=+1.25VREF Pin=TP23-1
Added Pin To Net: NetName=RS232_RX Pin=TP26-1
Added Pin To Net: NetName=NetTP27_1 Pin=TP27-1
Added Pin To Net: NetName=RS232_TX Pin=TP28-1
Added Pin To Net: NetName=NetTP29_1 Pin=TP29-1
Added Pin To Net: NetName=NetTP30_1 Pin=TP30-1
Added Pin To Net: NetName=NetC1_2 Pin=U1-1
Added Pin To Net: NetName=NetC1_2 Pin=U1-2
Added Pin To Net: NetName=NetC4_2 Pin=U1-3
Added Pin To Net: NetName=VEE Pin=U1-4
Added Pin To Net: NetName=GND Pin=U1-5
Added Pin To Net: NetName=NetC2_2 Pin=U1-6
Added Pin To Net: NetName=NetC2_1 Pin=U1-7
Added Pin To Net: NetName=VCC Pin=U1-8
Added Pin To Net: NetName=GND Pin=U3-2
Added Pin To Net: NetName=OLED_VIN Pin=U3-3
Added Pin To Net: NetName=+2.5VREF Pin=U3-4
Added Pin To Net: NetName=OLED_VIN Pin=U3-5
Added Pin To Net: NetName=OLED_VIN Pin=U5-1
Added Pin To Net: NetName=NetU2_U_Encoders_X_1 Pin=U5-2
Added Pin To Net: NetName=NetC6_U_Encoders_X_2 Pin=U5-3
Added Pin To Net: NetName=NetC5_U_Encoders_X_1 Pin=U5-4
Added Pin To Net: NetName=NRST Pin=U5-7
Added Pin To Net: NetName=GREEN LED Pin=U5-9
Added Pin To Net: NetName=RED LED Pin=U5-10
Added Pin To Net: NetName=GND Pin=U5-12
Added Pin To Net: NetName=NetC19_1 Pin=U5-14
Added Pin To Net: NetName=NetC20_1 Pin=U5-15
Added Pin To Net: NetName=NetC21_1 Pin=U5-16
Added Pin To Net: NetName=NetC22_1 Pin=U5-17
Added Pin To Net: NetName=GND Pin=U5-18
Added Pin To Net: NetName=OLED_VIN Pin=U5-19
Added Pin To Net: NetName=NetC23_1 Pin=U5-20
Added Pin To Net: NetName=V_DAC_INT Pin=U5-21
Added Pin To Net: NetName=NetTP30_1 Pin=U5-27
Added Pin To Net: NetName=NetTP27_1 Pin=U5-29
Added Pin To Net: NetName=NetTP29_1 Pin=U5-30
Added Pin To Net: NetName=NetC29_2 Pin=U5-31
Added Pin To Net: NetName=OLED_VIN Pin=U5-32
Added Pin To Net: NetName=OLED_CS Pin=U5-33
Added Pin To Net: NetName=OLED_SPI_CLK Pin=U5-34
Added Pin To Net: NetName=OLED_RESET Pin=U5-35
Added Pin To Net: NetName=OLED_SPI_MOSI Pin=U5-36
Added Pin To Net: NetName=OLED_DC Pin=U5-37
Added Pin To Net: NetName=NetU2_U_Encoders_Y_1 Pin=U5-43
Added Pin To Net: NetName=NetC5_U_Encoders_Y_1 Pin=U5-44
Added Pin To Net: NetName=NetC6_U_Encoders_Y_2 Pin=U5-45
Added Pin To Net: NetName=SWDIO Pin=U5-46
Added Pin To Net: NetName=NetC28_2 Pin=U5-47
Added Pin To Net: NetName=OLED_VIN Pin=U5-48
Added Pin To Net: NetName=SWCLK Pin=U5-49
Added Pin To Net: NetName=ADC_SPI_CLK Pin=U5-51
Added Pin To Net: NetName=ADC_SPI_MISO Pin=U5-52
Added Pin To Net: NetName=ADC_SPI_MOSI Pin=U5-53
Added Pin To Net: NetName=ADC_SPI_CS Pin=U5-54
Added Pin To Net: NetName=SWO Pin=U5-55
Added Pin To Net: NetName=NetR16_2 Pin=U5-58
Added Pin To Net: NetName=NetR16_2 Pin=U5-59
Added Pin To Net: NetName=NetR27_2 Pin=U5-60
Added Pin To Net: NetName=BUTTON 2 Pin=U5-61
Added Pin To Net: NetName=BUTTON 1 Pin=U5-62
Added Pin To Net: NetName=GND Pin=U5-63
Added Pin To Net: NetName=OLED_VIN Pin=U5-64
Added Pin To Net: NetName=OLED_VIN Pin=U6-1
Added Pin To Net: NetName=+2.5VREF Pin=U6-2
Added Pin To Net: NetName=V_DAC_I2C Pin=U6-3
Added Pin To Net: NetName=V_DAC_I2C Pin=U6-4
Added Pin To Net: NetName=GND Pin=U6-5
Added Pin To Net: NetName=NetR16_2 Pin=U6-6
Added Pin To Net: NetName=NetR16_2 Pin=U6-7
Added Pin To Net: NetName=GND Pin=U6-8
Added Pin To Net: NetName=OLED_VIN Pin=U8-4
Added Pin To Net: NetName=NetC41_2 Pin=U10-3
Added Pin To Net: NetName=GND Pin=U10-4
Added Pin To Net: NetName=NetR42_3 Pin=U10-5
Added Pin To Net: NetName=NetR19_2 Pin=U10-6
Added Pin To Net: NetName=NetR19_2 Pin=U10-7
Added Pin To Net: NetName=OLED_VIN Pin=U10-8
Added Pin To Net: NetName=+1.25VREF Pin=U11-1
Added Pin To Net: NetName=+1.25VREF Pin=U11-2
Added Pin To Net: NetName=NetR43_1 Pin=U11-3
Added Pin To Net: NetName=GND Pin=U11-4
Added Pin To Net: NetName=OLED_VIN Pin=U11-8
Added Pin To Net: NetName=NetC47_2 Pin=U12-3
Added Pin To Net: NetName=NetC46_2 Pin=U12-5
Added Pin To Net: NetName=NetC48_2 Pin=U12-7
Change Net Name : Old Net Name=NetC43_1 New Net Name=NetC38_1
Change Net Name : Old Net Name=NetC43_2 New Net Name=NetC38_2
Change Net Name : Old Net Name=NetC45_2 New Net Name=NetC40_2
Change Net Name : Old Net Name=OLED_VIN New Net Name=+3.3V
Added Pin To Net: NetName=NetC27_1 Pin=C27-1
Added Pin To Net: NetName=NetC27_1 Pin=U8-2
Added Net: Name=NetC27_1
Added Pin To Net: NetName=NetC36_2 Pin=C36-2
Added Pin To Net: NetName=NetC36_2 Pin=C37-2
Added Pin To Net: NetName=NetC36_2 Pin=U5-13
Added Net: Name=NetC36_2
Added Pin To Net: NetName=NetC39_1 Pin=C39-1
Added Pin To Net: NetName=NetC39_1 Pin=R14-2
Added Pin To Net: NetName=NetC39_1 Pin=R33-1
Added Pin To Net: NetName=NetC39_1 Pin=TP18-1
Added Pin To Net: NetName=NetC39_1 Pin=U10-1
Added Net: Name=NetC39_1
Added Pin To Net: NetName=NetC39_2 Pin=C39-2
Added Pin To Net: NetName=NetC39_2 Pin=R33-2
Added Pin To Net: NetName=NetC39_2 Pin=R36-1
Added Pin To Net: NetName=NetC39_2 Pin=U10-2
Added Net: Name=NetC39_2
Added Pin To Net: NetName=NetC42_1 Pin=C42-1
Added Pin To Net: NetName=NetC42_1 Pin=R15-2
Added Pin To Net: NetName=NetC42_1 Pin=R41-1
Added Pin To Net: NetName=NetC42_1 Pin=TP24-1
Added Pin To Net: NetName=NetC42_1 Pin=U11-7
Added Net: Name=NetC42_1
Added Pin To Net: NetName=NetC42_2 Pin=C42-2
Added Pin To Net: NetName=NetC42_2 Pin=R41-2
Added Pin To Net: NetName=NetC42_2 Pin=R44-1
Added Pin To Net: NetName=NetC42_2 Pin=U11-6
Added Net: Name=NetC42_2
Added Pin To Net: NetName=NetC43_2 Pin=C43-2
Added Pin To Net: NetName=NetC43_2 Pin=R46-1
Added Pin To Net: NetName=NetC43_2 Pin=R47-1
Added Pin To Net: NetName=NetC43_2 Pin=U11-5
Added Net: Name=NetC43_2
Added Pin To Net: NetName=NetC45_1 Pin=C45-1
Added Pin To Net: NetName=NetC45_1 Pin=U12-4
Added Net: Name=NetC45_1
Added Pin To Net: NetName=NetC45_2 Pin=C45-2
Added Pin To Net: NetName=NetC45_2 Pin=U12-2
Added Net: Name=NetC45_2
Added Pin To Net: NetName=NetC46_1 Pin=C46-1
Added Pin To Net: NetName=NetC46_1 Pin=U12-6
Added Net: Name=NetC46_1
Added Pin To Net: NetName=NetU5_5 Pin=U5-5
Added Pin To Net: NetName=NetU5_5 Pin=U8-3
Added Net: Name=NetU5_5
Added Member To Class: ClassName=U_Audio Member=Component C1 CC0603JRNPO9BN101
Added Member To Class: ClassName=U_Audio Member=Component C2 06031A470FAT2A
Added Member To Class: ClassName=U_Audio Member=Component C3 GRT31CR61H106ME01L
Added Member To Class: ClassName=U_Audio Member=Component C4 CC0603JRNPO9BN101
Added Member To Class: ClassName=U_Power Supplies Member=Component C7 06035G104ZAT2A
Added Member To Class: ClassName=U_Power Supplies Member=Component C8 EEE-FK1V470P
Added Member To Class: ClassName=U_Power Supplies Member=Component C9 EEE-FK1V470P
Added Member To Class: ClassName=U_Power Supplies Member=Component C10 CL21A475KACLRNC
Added Member To Class: ClassName=U_Processor Member=Component C19 06035G104ZAT2A
Added Member To Class: ClassName=U_Processor Member=Component C20 06035G104ZAT2A
Added Member To Class: ClassName=U_Processor Member=Component C21 06035G104ZAT2A
Added Member To Class: ClassName=U_Processor Member=Component C22 06035G104ZAT2A
Added Member To Class: ClassName=U_Processor Member=Component C23 06035G104ZAT2A
Added Member To Class: ClassName=U_Processor Member=Component C24 06035G104ZAT2A
Added Member To Class: ClassName=U_Processor Member=Component C25 06035G104ZAT2A
Added Member To Class: ClassName=U_Processor Member=Component C26 06035G104ZAT2A
Added Member To Class: ClassName=U_Processor Member=Component C27 CL10B103KB8NCNC
Added Member To Class: ClassName=U_Processor Member=Component C28 CC1206KKX7R7BB225
Added Member To Class: ClassName=U_Processor Member=Component C29 CC1206KKX7R7BB225
Added Member To Class: ClassName=U_Processor Member=Component C30 GRT31CR61H106ME01L
Added Member To Class: ClassName=U_Processor Member=Component C31 06035G104ZAT2A
Added Member To Class: ClassName=U_Processor Member=Component C32 06035G104ZAT2A
Added Member To Class: ClassName=U_Processor Member=Component C33 06035G104ZAT2A
Added Member To Class: ClassName=U_Processor Member=Component C34 06035G104ZAT2A
Added Member To Class: ClassName=U_Processor Member=Component C35 06035G104ZAT2A
Added Member To Class: ClassName=U_Processor Member=Component C36 CL10A105KA8NNNC
Added Member To Class: ClassName=U_Processor Member=Component C37 06035G104ZAT2A
Added Member To Class: ClassName=U_Analog Member=Component C38 06035G104ZAT2A
Added Member To Class: ClassName=U_Analog Member=Component C39 06035G104ZAT2A
Added Member To Class: ClassName=U_Analog Member=Component C40 06035G104ZAT2A
Added Member To Class: ClassName=U_Analog Member=Component C41 06035G104ZAT2A
Added Member To Class: ClassName=U_Analog Member=Component C42 06035G104ZAT2A
Added Member To Class: ClassName=U_Analog Member=Component C43 06035G104ZAT2A
Added Member To Class: ClassName=U_Communications Member=Component C44 06035G104ZAT2A
Added Member To Class: ClassName=U_Communications Member=Component C45 06035G104ZAT2A
Added Member To Class: ClassName=U_Communications Member=Component C46 06035G104ZAT2A
Added Member To Class: ClassName=U_Communications Member=Component C47 06035G104ZAT2A
Added Member To Class: ClassName=U_Communications Member=Component C48 06035G104ZAT2A
Added Member To Class: ClassName=U_Analog Member=Component C49 CL10A105KA8NNNC
Added Member To Class: ClassName=U_Analog Member=Component C50 CL10A105KA8NNNC
Added Member To Class: ClassName=U_Analog Member=Component C51 CL10A105KA8NNNC
Added Member To Class: ClassName=U_Power Supplies Member=Component D2 1N5819HW-7-F
Added Member To Class: ClassName=U_Processor Member=Component D3 SSL-LX3059IGW
Added Member To Class: ClassName=U_Audio Member=Component J1 WQP-PJ301M-12_JACK
Added Member To Class: ClassName=U_Analog Member=Component J4 WQP-PJ301M-12_JACK
Added Member To Class: ClassName=U_Audio Member=Component R1 RR0816P-104-D
Added Member To Class: ClassName=U_Audio Member=Component R2 ERA-3AEB2492V
Added Member To Class: ClassName=U_Audio Member=Component R3 ERA-3AEB393V
Added Member To Class: ClassName=U_Audio Member=Component R4 ERA-3AEB393V
Added Member To Class: ClassName=U_Audio Member=Component R5 RR0816P-102-D
Added Member To Class: ClassName=U_Processor Member=Component R13 CRGP0603F56R
Added Member To Class: ClassName=U_Processor Member=Component R14 CRGP0603F56R
Added Member To Class: ClassName=U_Processor Member=Component R15 CRGP0603F56R
Added Member To Class: ClassName=U_Processor Member=Component R16 RR0816P-102-D
Added Member To Class: ClassName=U_Processor Member=Component R17 RR0816P-102-D
Added Member To Class: ClassName=U_Processor Member=Component R18 CRGP0603F56R
Added Member To Class: ClassName=U_Processor Member=Component R19 CRGP0603F56R
Added Member To Class: ClassName=U_Processor Member=Component R20 RC0603JR-070RL
Added Member To Class: ClassName=U_Processor Member=Component R21 RC0603JR-070RL
Added Member To Class: ClassName=U_Processor Member=Component R22 CRGP0603F56R
Added Member To Class: ClassName=U_Processor Member=Component R23 CRGP0603F56R
Added Member To Class: ClassName=U_Processor Member=Component R24 CRGP0603F56R
Added Member To Class: ClassName=U_Processor Member=Component R25 CRGP0603F56R
Added Member To Class: ClassName=U_Processor Member=Component R26 ERJ-3EKF54R9V
Added Member To Class: ClassName=U_Processor Member=Component R27 RR1220P-103-D
Added Member To Class: ClassName=U_Processor Member=Component R28 RC1206FR-0764R9L
Added Member To Class: ClassName=U_Analog Member=Component R32 RR0816P-102-D
Added Member To Class: ClassName=U_Analog Member=Component R33 RR0816P-102-D
Added Member To Class: ClassName=U_Analog Member=Component R35 RR1220P-103-D
Added Member To Class: ClassName=U_Analog Member=Component R36 RR1220P-103-D
Added Member To Class: ClassName=U_Analog Member=Component R37 RR1220P-103-D
Added Member To Class: ClassName=U_Analog Member=Component R38 RR1220P-103-D
Added Member To Class: ClassName=U_Analog Member=Component R39 RR0816P-102-D
Added Member To Class: ClassName=U_Analog Member=Component R40 RR0816P-102-D
Added Member To Class: ClassName=U_Analog Member=Component R41 RR0816P-102-D
Added Member To Class: ClassName=U_Analog Member=Component R43 RR1220P-103-D
Added Member To Class: ClassName=U_Analog Member=Component R44 RR1220P-103-D
Added Member To Class: ClassName=U_Analog Member=Component R45 RR1220P-103-D
Added Member To Class: ClassName=U_Analog Member=Component R46 RR1220P-103-D
Added Member To Class: ClassName=U_Analog Member=Component R47 RR0816P-102-D
Added Member To Class: ClassName=U_Audio Member=Component TP1 loop test point
Added Member To Class: ClassName=U_Audio Member=Component TP2 loop test point
Added Member To Class: ClassName=U_Power Supplies Member=Component TP3 loop test point
Added Member To Class: ClassName=U_Power Supplies Member=Component TP4 loop test point
Added Member To Class: ClassName=U_Processor Member=Component TP6 loop test point
Added Member To Class: ClassName=U_Processor Member=Component TP7 loop test point
Added Member To Class: ClassName=U_Processor Member=Component TP8 loop test point
Added Member To Class: ClassName=U_Processor Member=Component TP9 loop test point
Added Member To Class: ClassName=U_Processor Member=Component TP10 loop test point
Added Member To Class: ClassName=U_Processor Member=Component TP11 loop test point
Added Member To Class: ClassName=U_Processor Member=Component TP12 loop test point
Added Member To Class: ClassName=U_Processor Member=Component TP13 loop test point
Added Member To Class: ClassName=U_Analog Member=Component TP16 loop test point
Added Member To Class: ClassName=U_Analog Member=Component TP17 loop test point
Added Member To Class: ClassName=U_Analog Member=Component TP20 loop test point
Added Member To Class: ClassName=U_Analog Member=Component TP21 loop test point
Added Member To Class: ClassName=U_Analog Member=Component TP22 loop test point
Added Member To Class: ClassName=U_Analog Member=Component TP23 loop test point
Added Member To Class: ClassName=U_Analog Member=Component TP24 loop test point
Added Member To Class: ClassName=U_Analog Member=Component TP25 loop test point
Added Member To Class: ClassName=U_Communications Member=Component TP26 loop test point
Added Member To Class: ClassName=U_Communications Member=Component TP27 loop test point
Added Member To Class: ClassName=U_Communications Member=Component TP28 loop test point
Added Member To Class: ClassName=U_Communications Member=Component TP29 loop test point
Added Member To Class: ClassName=U_Communications Member=Component TP30 loop test point
Added Member To Class: ClassName=U_Audio Member=Component U1 TL072CD
Added Member To Class: ClassName=U_Power Supplies Member=Component U3 LM4132CQ1MFT2.5
Added Member To Class: ClassName=U_Processor Member=Component U5 STM32F405RGT6
Added Member To Class: ClassName=U_Processor Member=Component U6 DAC8571IDGKR
Added Member To Class: ClassName=U_Processor Member=Component U8 ASE-8.000MHZ-LC-T
Added Member To Class: ClassName=U_Analog Member=Component U9 OPA2337EA/3K
Added Member To Class: ClassName=U_Analog Member=Component U10 OPA2337EA/3K
Added Member To Class: ClassName=U_Analog Member=Component U11 OPA2337EA/3K
