Change Component Comment : Designator=J1 Old Comment= New Comment=PJ301BM Jacks
Change Component Comment : Designator=J2 Old Comment= New Comment=PJ301BM Jacks
Change Component Comment : Designator=J3 Old Comment= New Comment=PJ301BM Jacks
Change Component Comment : Designator=J4 Old Comment= New Comment=PJ301BM Jacks
Change Component Comment : Designator=L2 Old Comment=FERRITE BEAD New Comment=742792651
Change Component Comment : Designator=L3 Old Comment=FERRITE BEAD New Comment=BLM18PG221SZ1D
Change Component Comment : Designator=R37 Old Comment=POT New Comment=P0915N-FC15BR10K
Change Component Comment : Designator=R38 Old Comment=POT New Comment=P0915N-FC15BR10K
Change Component Comment : Designator=R30 Old Comment=RR0816P-102-D New Comment=ERA-3AEB512V
Change Component Comment : Designator=R31 Old Comment=RR0816P-104-D New Comment=ERA-3AEB1652V
Change Component Comment : Designator=R34 Old Comment=RR0816P-104-D New Comment=ERA-3AEB1652V
Change Component Comment : Designator=R29 Old Comment=RR1220P-103-D New Comment=ERA-3AEB392V
Change Component Comment : Designator=R39 Old Comment=RR1220P-103-D New Comment=ERA-3AEB4992V
Change Component Comment : Designator=R40 Old Comment=RR1220P-103-D New Comment=ERA-3AEB4992V
Change Component Comment : Designator=D4 Old Comment=SCHOTTKY DIODE ARRAY New Comment=BAT54SLT1G
Added Component: Designator=S3(JS102011SAQN)
Added Pin To Net: NetName=GND Pin=S3-1
Added Pin To Net: NetName=NetR46_2 Pin=S3-2
Added Pin To Net: NetName=+3.3V Pin=S3-3
Added Member To Class: ClassName=U_Communications Member=Component S3 JS102000SAQN
